[debug] [2019-10-23T04:35:58.325Z] ----------------------------------------------------------------------
[debug] [2019-10-23T04:35:58.327Z] Command:       C:\Program Files\nodejs\node.exe C:\Users\Simon\AppData\Roaming\npm\node_modules\firebase-tools\lib\bin\firebase.js deploy --only functions:createItem
[debug] [2019-10-23T04:35:58.327Z] CLI Version:   7.6.1
[debug] [2019-10-23T04:35:58.327Z] Platform:      win32
[debug] [2019-10-23T04:35:58.327Z] Node Version:  v10.16.0
[debug] [2019-10-23T04:35:58.328Z] Time:          Wed Oct 23 2019 00:35:58 GMT-0400 (Eastern Daylight Time)
[debug] [2019-10-23T04:35:58.328Z] ----------------------------------------------------------------------
[debug] [2019-10-23T04:35:58.328Z] 
[debug] [2019-10-23T04:35:58.339Z] > command requires scopes: ["email","openid","https://www.googleapis.com/auth/cloudplatformprojects.readonly","https://www.googleapis.com/auth/firebase","https://www.googleapis.com/auth/cloud-platform"]
[debug] [2019-10-23T04:35:58.340Z] > authorizing via signed-in user
[debug] [2019-10-23T04:35:58.340Z] [iam] checking project junior-design-plantlanta for permissions ["cloudfunctions.functions.create","cloudfunctions.functions.delete","cloudfunctions.functions.get","cloudfunctions.functions.list","cloudfunctions.functions.update","cloudfunctions.operations.get","firebase.projects.get"]
[debug] [2019-10-23T04:35:58.342Z] >>> HTTP REQUEST POST https://cloudresourcemanager.googleapis.com/v1/projects/junior-design-plantlanta:testIamPermissions  

[debug] [2019-10-23T04:35:58.541Z] <<< HTTP RESPONSE 200
[info] 
[info] === Deploying to 'junior-design-plantlanta'...
[info] 
[info] i  deploying functions
[info] Running command: npm --prefix "$RESOURCE_DIR" run lint
[info] Running command: npm --prefix "$RESOURCE_DIR" run build
[info] +  functions: Finished running predeploy script.
[debug] [2019-10-23T04:36:09.819Z] > [functions] package.json contents: {
  "name": "functions",
  "scripts": {
    "lint": "tslint --project tsconfig.json",
    "build": "tsc",
    "serve": "npm run build && firebase serve --only functions",
    "shell": "npm run build && firebase functions:shell",
    "start": "npm run shell",
    "deploy": "firebase deploy --only functions",
    "logs": "firebase functions:log"
  },
  "engines": {
    "node": "8"
  },
  "main": "lib/index.js",
  "dependencies": {
    "@sendgrid/mail": "^6.4.0",
    "cors": "^2.8.5",
    "firebase-admin": "^8.0.0",
    "firebase-functions": "^3.1.0"
  },
  "devDependencies": {
    "tslint": "^5.12.0",
    "typescript": "^3.2.2"
  },
  "private": true
}
[info] i  functions: ensuring necessary APIs are enabled...
[debug] [2019-10-23T04:36:09.823Z] >>> HTTP REQUEST GET https://serviceusage.googleapis.com/v1/projects/junior-design-plantlanta/services/cloudfunctions.googleapis.com  
 
[debug] [2019-10-23T04:36:09.823Z] >>> HTTP REQUEST GET https://serviceusage.googleapis.com/v1/projects/junior-design-plantlanta/services/runtimeconfig.googleapis.com  
 
[debug] [2019-10-23T04:36:09.861Z] Error: getaddrinfo EAI_AGAIN serviceusage.googleapis.com serviceusage.googleapis.com:443
    at GetAddrInfoReqWrap.onlookup [as oncomplete] (dns.js:56:26)
[error] 
[error] Error: Server Error. getaddrinfo EAI_AGAIN serviceusage.googleapis.com serviceusage.googleapis.com:443
